<?xml version="1.0" encoding="UTF-8"?>
<coverage generated="1614849403680" clover="3.2.0">
  <project timestamp="1614849403680" name="All files">
    <metrics statements="20" coveredstatements="20" conditionals="8" coveredconditionals="7" methods="7" coveredmethods="7" elements="35" coveredelements="34" complexity="0" loc="20" ncloc="20" packages="1" files="2" classes="2"/>
    <file name="app.js" path="C:\Users\Maria\Desktop\mis-repositorios\DESPLIEGUE\Testing-Ex\testing-js-ex\src\app.js">
      <metrics statements="17" coveredstatements="17" conditionals="8" coveredconditionals="7" methods="5" coveredmethods="5"/>
      <line num="1" count="1" type="stmt"/>
      <line num="5" count="5" type="stmt"/>
      <line num="6" count="5" type="stmt"/>
      <line num="9" count="5" type="cond" truecount="2" falsecount="0"/>
      <line num="10" count="2" type="stmt"/>
      <line num="11" count="3" type="cond" truecount="2" falsecount="0"/>
      <line num="12" count="1" type="stmt"/>
      <line num="13" count="2" type="cond" truecount="2" falsecount="0"/>
      <line num="14" count="1" type="stmt"/>
      <line num="15" count="1" type="cond" truecount="1" falsecount="1"/>
      <line num="16" count="1" type="stmt"/>
      <line num="20" count="5" type="stmt"/>
      <line num="24" count="1" type="stmt"/>
      <line num="25" count="1" type="stmt"/>
      <line num="27" count="1" type="stmt"/>
      <line num="31" count="1" type="stmt"/>
      <line num="32" count="1" type="stmt"/>
    </file>
    <file name="libro.js" path="C:\Users\Maria\Desktop\mis-repositorios\DESPLIEGUE\Testing-Ex\testing-js-ex\src\libro.js">
      <metrics statements="3" coveredstatements="3" conditionals="0" coveredconditionals="0" methods="2" coveredmethods="2"/>
      <line num="1" count="1" type="stmt"/>
      <line num="4" count="3" type="stmt"/>
      <line num="7" count="3" type="stmt"/>
    </file>
  </project>
</coverage>
