<?xml version="1.0" encoding="UTF-8"?>
<coverage generated="1614847276250" clover="3.2.0">
  <project timestamp="1614847276250" name="All files">
    <metrics statements="10" coveredstatements="10" conditionals="4" coveredconditionals="3" methods="5" coveredmethods="5" elements="19" coveredelements="18" complexity="0" loc="10" ncloc="10" packages="1" files="2" classes="2"/>
    <file name="app.js" path="C:\Users\Maria\Desktop\mis-repositorios\DESPLIEGUE\Testing-Ex\testing-js-ex\src\app.js">
      <metrics statements="7" coveredstatements="7" conditionals="4" coveredconditionals="3" methods="3" coveredmethods="3"/>
      <line num="1" count="1" type="stmt"/>
      <line num="4" count="2" type="stmt"/>
      <line num="7" count="2" type="cond" truecount="2" falsecount="0"/>
      <line num="8" count="1" type="stmt"/>
      <line num="9" count="1" type="cond" truecount="1" falsecount="1"/>
      <line num="10" count="1" type="stmt"/>
      <line num="14" count="2" type="stmt"/>
    </file>
    <file name="libro.js" path="C:\Users\Maria\Desktop\mis-repositorios\DESPLIEGUE\Testing-Ex\testing-js-ex\src\libro.js">
      <metrics statements="3" coveredstatements="3" conditionals="0" coveredconditionals="0" methods="2" coveredmethods="2"/>
      <line num="1" count="1" type="stmt"/>
      <line num="4" count="1" type="stmt"/>
      <line num="7" count="1" type="stmt"/>
    </file>
  </project>
</coverage>
