{"C:\\Users\\Maria\\Desktop\\mis-repositorios\\DESPLIEGUE\\Testing-Ex\\testing-js-ex\\src\\app.js": {"path":"C:\\Users\\Maria\\Desktop\\mis-repositorios\\DESPLIEGUE\\Testing-Ex\\testing-js-ex\\src\\app.js","statementMap":{"0":{"start":{"line":1,"column":0},"end":{"line":14,"column":1}},"1":{"start":{"line":4,"column":8},"end":{"line":4,"column":27}},"2":{"start":{"line":7,"column":8},"end":{"line":9,"column":9}},"3":{"start":{"line":8,"column":12},"end":{"line":8,"column":31}},"4":{"start":{"line":12,"column":8},"end":{"line":12,"column":30}}},"fnMap":{"0":{"name":"(anonymous_0)","decl":{"start":{"line":3,"column":4},"end":{"line":3,"column":5}},"loc":{"start":{"line":3,"column":17},"end":{"line":5,"column":5}},"line":3},"1":{"name":"(anonymous_1)","decl":{"start":{"line":6,"column":4},"end":{"line":6,"column":5}},"loc":{"start":{"line":6,"column":28},"end":{"line":10,"column":5}},"line":6},"2":{"name":"(anonymous_2)","decl":{"start":{"line":11,"column":4},"end":{"line":11,"column":5}},"loc":{"start":{"line":11,"column":18},"end":{"line":13,"column":5}},"line":11}},"branchMap":{"0":{"loc":{"start":{"line":7,"column":8},"end":{"line":9,"column":9}},"type":"if","locations":[{"start":{"line":7,"column":8},"end":{"line":9,"column":9}},{"start":{"line":7,"column":8},"end":{"line":9,"column":9}}],"line":7}},"s":{"0":1,"1":2,"2":2,"3":1,"4":2},"f":{"0":2,"1":2,"2":2},"b":{"0":[1,1]},"_coverageSchema":"1a1c01bbd47fc00a2c39e90264f33305004495a9","hash":"9b1230708533413cf0a9474e9e72df273487871e"}
,"C:\\Users\\Maria\\Desktop\\mis-repositorios\\DESPLIEGUE\\Testing-Ex\\testing-js-ex\\src\\libro.js": {"path":"C:\\Users\\Maria\\Desktop\\mis-repositorios\\DESPLIEGUE\\Testing-Ex\\testing-js-ex\\src\\libro.js","statementMap":{"0":{"start":{"line":1,"column":0},"end":{"line":9,"column":1}},"1":{"start":{"line":4,"column":8},"end":{"line":4,"column":25}},"2":{"start":{"line":7,"column":8},"end":{"line":7,"column":27}}},"fnMap":{"0":{"name":"(anonymous_0)","decl":{"start":{"line":3,"column":4},"end":{"line":3,"column":5}},"loc":{"start":{"line":3,"column":17},"end":{"line":5,"column":5}},"line":3},"1":{"name":"(anonymous_1)","decl":{"start":{"line":6,"column":4},"end":{"line":6,"column":5}},"loc":{"start":{"line":6,"column":15},"end":{"line":8,"column":5}},"line":6}},"branchMap":{},"s":{"0":1,"1":1,"2":1},"f":{"0":1,"1":1},"b":{},"_coverageSchema":"1a1c01bbd47fc00a2c39e90264f33305004495a9","hash":"348975205bd84c19ea55beead83919546638f09f"}
}
