{"C:\\Users\\Maria\\Desktop\\mis-repositorios\\DESPLIEGUE\\Testing-Ex\\testing-js-ex\\src\\app.js": {"path":"C:\\Users\\Maria\\Desktop\\mis-repositorios\\DESPLIEGUE\\Testing-Ex\\testing-js-ex\\src\\app.js","statementMap":{"0":{"start":{"line":1,"column":0},"end":{"line":36,"column":1}},"1":{"start":{"line":5,"column":8},"end":{"line":5,"column":27}},"2":{"start":{"line":6,"column":8},"end":{"line":6,"column":32}},"3":{"start":{"line":9,"column":8},"end":{"line":17,"column":9}},"4":{"start":{"line":10,"column":12},"end":{"line":10,"column":31}},"5":{"start":{"line":11,"column":15},"end":{"line":17,"column":9}},"6":{"start":{"line":12,"column":12},"end":{"line":12,"column":32}},"7":{"start":{"line":13,"column":15},"end":{"line":17,"column":9}},"8":{"start":{"line":14,"column":12},"end":{"line":14,"column":32}},"9":{"start":{"line":15,"column":15},"end":{"line":17,"column":9}},"10":{"start":{"line":16,"column":12},"end":{"line":16,"column":32}},"11":{"start":{"line":20,"column":8},"end":{"line":20,"column":30}},"12":{"start":{"line":24,"column":19},"end":{"line":24,"column":49}},"13":{"start":{"line":25,"column":18},"end":{"line":25,"column":31}},"14":{"start":{"line":27,"column":8},"end":{"line":27,"column":48}},"15":{"start":{"line":31,"column":8},"end":{"line":31,"column":35}},"16":{"start":{"line":32,"column":8},"end":{"line":32,"column":35}}},"fnMap":{"0":{"name":"(anonymous_0)","decl":{"start":{"line":4,"column":4},"end":{"line":4,"column":5}},"loc":{"start":{"line":4,"column":18},"end":{"line":7,"column":5}},"line":4},"1":{"name":"(anonymous_1)","decl":{"start":{"line":8,"column":4},"end":{"line":8,"column":5}},"loc":{"start":{"line":8,"column":29},"end":{"line":18,"column":5}},"line":8},"2":{"name":"(anonymous_2)","decl":{"start":{"line":19,"column":4},"end":{"line":19,"column":5}},"loc":{"start":{"line":19,"column":19},"end":{"line":21,"column":5}},"line":19},"3":{"name":"(anonymous_3)","decl":{"start":{"line":23,"column":4},"end":{"line":23,"column":5}},"loc":{"start":{"line":23,"column":40},"end":{"line":28,"column":5}},"line":23},"4":{"name":"(anonymous_4)","decl":{"start":{"line":30,"column":4},"end":{"line":30,"column":5}},"loc":{"start":{"line":30,"column":22},"end":{"line":33,"column":5}},"line":30}},"branchMap":{"0":{"loc":{"start":{"line":9,"column":8},"end":{"line":17,"column":9}},"type":"if","locations":[{"start":{"line":9,"column":8},"end":{"line":17,"column":9}},{"start":{"line":9,"column":8},"end":{"line":17,"column":9}}],"line":9},"1":{"loc":{"start":{"line":11,"column":15},"end":{"line":17,"column":9}},"type":"if","locations":[{"start":{"line":11,"column":15},"end":{"line":17,"column":9}},{"start":{"line":11,"column":15},"end":{"line":17,"column":9}}],"line":11},"2":{"loc":{"start":{"line":13,"column":15},"end":{"line":17,"column":9}},"type":"if","locations":[{"start":{"line":13,"column":15},"end":{"line":17,"column":9}},{"start":{"line":13,"column":15},"end":{"line":17,"column":9}}],"line":13},"3":{"loc":{"start":{"line":15,"column":15},"end":{"line":17,"column":9}},"type":"if","locations":[{"start":{"line":15,"column":15},"end":{"line":17,"column":9}},{"start":{"line":15,"column":15},"end":{"line":17,"column":9}}],"line":15}},"s":{"0":1,"1":5,"2":5,"3":5,"4":2,"5":3,"6":1,"7":2,"8":1,"9":1,"10":1,"11":5,"12":1,"13":1,"14":1,"15":1,"16":1},"f":{"0":5,"1":5,"2":5,"3":1,"4":1},"b":{"0":[2,3],"1":[1,2],"2":[1,1],"3":[1,0]},"_coverageSchema":"1a1c01bbd47fc00a2c39e90264f33305004495a9","hash":"a248dc584e87f87aba7da403ea5d23fec41658cd"}
,"C:\\Users\\Maria\\Desktop\\mis-repositorios\\DESPLIEGUE\\Testing-Ex\\testing-js-ex\\src\\libro.js": {"path":"C:\\Users\\Maria\\Desktop\\mis-repositorios\\DESPLIEGUE\\Testing-Ex\\testing-js-ex\\src\\libro.js","statementMap":{"0":{"start":{"line":1,"column":0},"end":{"line":9,"column":1}},"1":{"start":{"line":4,"column":8},"end":{"line":4,"column":25}},"2":{"start":{"line":7,"column":8},"end":{"line":7,"column":27}}},"fnMap":{"0":{"name":"(anonymous_0)","decl":{"start":{"line":3,"column":4},"end":{"line":3,"column":5}},"loc":{"start":{"line":3,"column":17},"end":{"line":5,"column":5}},"line":3},"1":{"name":"(anonymous_1)","decl":{"start":{"line":6,"column":4},"end":{"line":6,"column":5}},"loc":{"start":{"line":6,"column":15},"end":{"line":8,"column":5}},"line":6}},"branchMap":{},"s":{"0":1,"1":3,"2":3},"f":{"0":3,"1":3},"b":{},"_coverageSchema":"1a1c01bbd47fc00a2c39e90264f33305004495a9","hash":"348975205bd84c19ea55beead83919546638f09f"}
}
