TN:
SF:src\app.js
FN:4,(anonymous_0)
FN:8,(anonymous_1)
FN:19,(anonymous_2)
FN:23,(anonymous_3)
FN:30,(anonymous_4)
FNF:5
FNH:5
FNDA:5,(anonymous_0)
FNDA:5,(anonymous_1)
FNDA:5,(anonymous_2)
FNDA:1,(anonymous_3)
FNDA:1,(anonymous_4)
DA:1,1
DA:5,5
DA:6,5
DA:9,5
DA:10,2
DA:11,3
DA:12,1
DA:13,2
DA:14,1
DA:15,1
DA:16,1
DA:20,5
DA:24,1
DA:25,1
DA:27,1
DA:31,1
DA:32,1
LF:17
LH:17
BRDA:9,0,0,2
BRDA:9,0,1,3
BRDA:11,1,0,1
BRDA:11,1,1,2
BRDA:13,2,0,1
BRDA:13,2,1,1
BRDA:15,3,0,1
BRDA:15,3,1,0
BRF:8
BRH:7
end_of_record
TN:
SF:src\libro.js
FN:3,(anonymous_0)
FN:6,(anonymous_1)
FNF:2
FNH:2
FNDA:3,(anonymous_0)
FNDA:3,(anonymous_1)
DA:1,1
DA:4,3
DA:7,3
LF:3
LH:3
BRF:0
BRH:0
end_of_record
