<?xml version="1.0" encoding="UTF-8"?>
<coverage generated="1614803119447" clover="3.2.0">
  <project timestamp="1614803119447" name="All files">
    <metrics statements="88" coveredstatements="88" conditionals="33" coveredconditionals="33" methods="35" coveredmethods="35" elements="156" coveredelements="156" complexity="0" loc="88" ncloc="88" packages="4" files="11" classes="11"/>
    <package name="src">
      <metrics statements="33" coveredstatements="33" conditionals="0" coveredconditionals="0" methods="16" coveredmethods="16"/>
      <file name="arrays.js" path="C:\Users\Maria\Desktop\testing-js-node\src\arrays.js">
        <metrics statements="3" coveredstatements="3" conditionals="0" coveredconditionals="0" methods="0" coveredmethods="0"/>
        <line num="2" count="1" type="stmt"/>
        <line num="3" count="1" type="stmt"/>
        <line num="4" count="1" type="stmt"/>
      </file>
      <file name="asincronia.js" path="C:\Users\Maria\Desktop\testing-js-node\src\asincronia.js">
        <metrics statements="7" coveredstatements="7" conditionals="0" coveredconditionals="0" methods="6" coveredmethods="6"/>
        <line num="4" count="1" type="stmt"/>
        <line num="7" count="1" type="stmt"/>
        <line num="10" count="6" type="stmt"/>
        <line num="11" count="6" type="stmt"/>
        <line num="12" count="4" type="stmt"/>
        <line num="13" count="2" type="stmt"/>
        <line num="16" count="1" type="stmt"/>
      </file>
      <file name="boolean.js" path="C:\Users\Maria\Desktop\testing-js-node\src\boolean.js">
        <metrics statements="5" coveredstatements="5" conditionals="0" coveredconditionals="0" methods="4" coveredmethods="4"/>
        <line num="8" count="1" type="stmt"/>
        <line num="11" count="1" type="stmt"/>
        <line num="14" count="1" type="stmt"/>
        <line num="17" count="1" type="stmt"/>
        <line num="19" count="1" type="stmt"/>
      </file>
      <file name="funciones.js" path="C:\Users\Maria\Desktop\testing-js-node\src\funciones.js">
        <metrics statements="5" coveredstatements="5" conditionals="0" coveredconditionals="0" methods="4" coveredmethods="4"/>
        <line num="3" count="2" type="stmt"/>
        <line num="6" count="3" type="stmt"/>
        <line num="9" count="2" type="stmt"/>
        <line num="12" count="2" type="stmt"/>
        <line num="15" count="1" type="stmt"/>
      </file>
      <file name="persona.js" path="C:\Users\Maria\Desktop\testing-js-node\src\persona.js">
        <metrics statements="3" coveredstatements="3" conditionals="0" coveredconditionals="0" methods="0" coveredmethods="0"/>
        <line num="1" count="1" type="stmt"/>
        <line num="5" count="1" type="stmt"/>
        <line num="9" count="1" type="stmt"/>
      </file>
      <file name="strings.js" path="C:\Users\Maria\Desktop\testing-js-node\src\strings.js">
        <metrics statements="1" coveredstatements="1" conditionals="0" coveredconditionals="0" methods="0" coveredmethods="0"/>
        <line num="1" count="1" type="stmt"/>
      </file>
      <file name="sum.js" path="C:\Users\Maria\Desktop\testing-js-node\src\sum.js">
        <metrics statements="2" coveredstatements="2" conditionals="0" coveredconditionals="0" methods="1" coveredmethods="1"/>
        <line num="2" count="1" type="stmt"/>
        <line num="4" count="1" type="stmt"/>
      </file>
      <file name="todolist.js" path="C:\Users\Maria\Desktop\testing-js-node\src\todolist.js">
        <metrics statements="7" coveredstatements="7" conditionals="0" coveredconditionals="0" methods="1" coveredmethods="1"/>
        <line num="4" count="1" type="stmt"/>
        <line num="6" count="1" type="stmt"/>
        <line num="8" count="1" type="stmt"/>
        <line num="10" count="1" type="stmt"/>
        <line num="12" count="1" type="stmt"/>
        <line num="14" count="1" type="stmt"/>
        <line num="18" count="1" type="stmt"/>
      </file>
    </package>
    <package name="src.TDD">
      <metrics statements="16" coveredstatements="16" conditionals="7" coveredconditionals="7" methods="9" coveredmethods="9"/>
      <file name="contactos.js" path="C:\Users\Maria\Desktop\testing-js-node\src\TDD\contactos.js">
        <metrics statements="16" coveredstatements="16" conditionals="7" coveredconditionals="7" methods="9" coveredmethods="9"/>
        <line num="2" count="1" type="stmt"/>
        <line num="5" count="1" type="stmt"/>
        <line num="13" count="8" type="cond" truecount="2" falsecount="0"/>
        <line num="21" count="7" type="stmt"/>
        <line num="23" count="1" type="stmt"/>
        <line num="33" count="2" type="stmt"/>
        <line num="34" count="6" type="stmt"/>
        <line num="35" count="4" type="stmt"/>
        <line num="40" count="2" type="cond" truecount="2" falsecount="0"/>
        <line num="42" count="1" type="stmt"/>
        <line num="55" count="4" type="stmt"/>
        <line num="62" count="3" type="stmt"/>
        <line num="73" count="2" type="stmt"/>
        <line num="74" count="1" type="stmt"/>
        <line num="75" count="1" type="stmt"/>
        <line num="78" count="1" type="stmt"/>
      </file>
    </package>
    <package name="src.practico-cuenta">
      <metrics statements="36" coveredstatements="36" conditionals="26" coveredconditionals="26" methods="8" coveredmethods="8"/>
      <file name="cuenta.js" path="C:\Users\Maria\Desktop\testing-js-node\src\practico-cuenta\cuenta.js">
        <metrics statements="36" coveredstatements="36" conditionals="26" coveredconditionals="26" methods="8" coveredmethods="8"/>
        <line num="1" count="1" type="stmt"/>
        <line num="3" count="29" type="stmt"/>
        <line num="6" count="34" type="stmt"/>
        <line num="21" count="29" type="stmt"/>
        <line num="22" count="29" type="cond" truecount="2" falsecount="0"/>
        <line num="23" count="25" type="stmt"/>
        <line num="28" count="29" type="cond" truecount="2" falsecount="0"/>
        <line num="29" count="1" type="stmt"/>
        <line num="31" count="28" type="cond" truecount="2" falsecount="0"/>
        <line num="32" count="1" type="stmt"/>
        <line num="34" count="27" type="cond" truecount="2" falsecount="0"/>
        <line num="35" count="2" type="stmt"/>
        <line num="37" count="25" type="stmt"/>
        <line num="41" count="8" type="stmt"/>
        <line num="42" count="8" type="cond" truecount="2" falsecount="0"/>
        <line num="43" count="4" type="stmt"/>
        <line num="48" count="8" type="cond" truecount="2" falsecount="0"/>
        <line num="49" count="1" type="stmt"/>
        <line num="50" count="7" type="cond" truecount="2" falsecount="0"/>
        <line num="51" count="1" type="stmt"/>
        <line num="52" count="6" type="cond" truecount="2" falsecount="0"/>
        <line num="53" count="1" type="stmt"/>
        <line num="54" count="5" type="cond" truecount="2" falsecount="0"/>
        <line num="55" count="1" type="stmt"/>
        <line num="57" count="4" type="stmt"/>
        <line num="66" count="4" type="stmt"/>
        <line num="67" count="4" type="cond" truecount="2" falsecount="0"/>
        <line num="68" count="1" type="stmt"/>
        <line num="69" count="1" type="stmt"/>
        <line num="78" count="4" type="cond" truecount="2" falsecount="0"/>
        <line num="79" count="1" type="stmt"/>
        <line num="82" count="3" type="cond" truecount="2" falsecount="0"/>
        <line num="83" count="1" type="stmt"/>
        <line num="86" count="2" type="cond" truecount="2" falsecount="0"/>
        <line num="87" count="1" type="stmt"/>
        <line num="90" count="1" type="stmt"/>
      </file>
    </package>
    <package name="src.snapshot">
      <metrics statements="3" coveredstatements="3" conditionals="0" coveredconditionals="0" methods="2" coveredmethods="2"/>
      <file name="snapshot.js" path="C:\Users\Maria\Desktop\testing-js-node\src\snapshot\snapshot.js">
        <metrics statements="3" coveredstatements="3" conditionals="0" coveredconditionals="0" methods="2" coveredmethods="2"/>
        <line num="1" count="1" type="stmt"/>
        <line num="7" count="1" type="stmt"/>
        <line num="10" count="1" type="stmt"/>
      </file>
    </package>
  </project>
</coverage>
