{"C:\\Users\\Maria\\Desktop\\testing-js-node\\src\\arrays.js": {"path":"C:\\Users\\Maria\\Desktop\\testing-js-node\\src\\arrays.js","statementMap":{"0":{"start":{"line":2,"column":19},"end":{"line":2,"column":111}},"1":{"start":{"line":3,"column":13},"end":{"line":3,"column":87}},"2":{"start":{"line":4,"column":0},"end":{"line":7,"column":2}}},"fnMap":{},"branchMap":{},"s":{"0":1,"1":1,"2":1},"f":{},"b":{},"_coverageSchema":"1a1c01bbd47fc00a2c39e90264f33305004495a9","hash":"c41d0fc8a6bf7f08c050e88e38e2158e95b57284"}
,"C:\\Users\\Maria\\Desktop\\testing-js-node\\src\\asincronia.js": {"path":"C:\\Users\\Maria\\Desktop\\testing-js-node\\src\\asincronia.js","statementMap":{"0":{"start":{"line":4,"column":12},"end":{"line":4,"column":28}},"1":{"start":{"line":7,"column":17},"end":{"line":7,"column":86}},"2":{"start":{"line":7,"column":31},"end":{"line":7,"column":86}},"3":{"start":{"line":7,"column":48},"end":{"line":7,"column":79}},"4":{"start":{"line":10,"column":17},"end":{"line":14,"column":2}},"5":{"start":{"line":10,"column":26},"end":{"line":14,"column":2}},"6":{"start":{"line":11,"column":2},"end":{"line":13,"column":45}},"7":{"start":{"line":12,"column":24},"end":{"line":12,"column":46}},"8":{"start":{"line":13,"column":22},"end":{"line":13,"column":43}},"9":{"start":{"line":16,"column":0},"end":{"line":19,"column":1}}},"fnMap":{"0":{"name":"(anonymous_0)","decl":{"start":{"line":7,"column":17},"end":{"line":7,"column":18}},"loc":{"start":{"line":7,"column":31},"end":{"line":7,"column":86}},"line":7},"1":{"name":"(anonymous_1)","decl":{"start":{"line":7,"column":42},"end":{"line":7,"column":43}},"loc":{"start":{"line":7,"column":48},"end":{"line":7,"column":79}},"line":7},"2":{"name":"(anonymous_2)","decl":{"start":{"line":10,"column":17},"end":{"line":10,"column":18}},"loc":{"start":{"line":10,"column":26},"end":{"line":14,"column":2}},"line":10},"3":{"name":"(anonymous_3)","decl":{"start":{"line":10,"column":38},"end":{"line":10,"column":39}},"loc":{"start":{"line":10,"column":59},"end":{"line":14,"column":1}},"line":10},"4":{"name":"(anonymous_4)","decl":{"start":{"line":12,"column":10},"end":{"line":12,"column":11}},"loc":{"start":{"line":12,"column":24},"end":{"line":12,"column":46}},"line":12},"5":{"name":"(anonymous_5)","decl":{"start":{"line":13,"column":11},"end":{"line":13,"column":12}},"loc":{"start":{"line":13,"column":22},"end":{"line":13,"column":43}},"line":13}},"branchMap":{},"s":{"0":1,"1":1,"2":1,"3":1,"4":1,"5":6,"6":6,"7":4,"8":2,"9":1},"f":{"0":1,"1":1,"2":6,"3":6,"4":4,"5":2},"b":{},"_coverageSchema":"1a1c01bbd47fc00a2c39e90264f33305004495a9","hash":"bf4e2df9913a9c9e798ffcacaf7dbe3fc22a7e76"}
,"C:\\Users\\Maria\\Desktop\\testing-js-node\\src\\boolean.js": {"path":"C:\\Users\\Maria\\Desktop\\testing-js-node\\src\\boolean.js","statementMap":{"0":{"start":{"line":8,"column":4},"end":{"line":8,"column":16}},"1":{"start":{"line":11,"column":4},"end":{"line":11,"column":17}},"2":{"start":{"line":14,"column":4},"end":{"line":14,"column":16}},"3":{"start":{"line":17,"column":4},"end":{"line":17,"column":21}},"4":{"start":{"line":19,"column":0},"end":{"line":24,"column":1}}},"fnMap":{"0":{"name":"isNull","decl":{"start":{"line":7,"column":9},"end":{"line":7,"column":15}},"loc":{"start":{"line":7,"column":18},"end":{"line":9,"column":1}},"line":7},"1":{"name":"isFalse","decl":{"start":{"line":10,"column":9},"end":{"line":10,"column":16}},"loc":{"start":{"line":10,"column":19},"end":{"line":12,"column":1}},"line":10},"2":{"name":"isTrue","decl":{"start":{"line":13,"column":9},"end":{"line":13,"column":15}},"loc":{"start":{"line":13,"column":18},"end":{"line":15,"column":1}},"line":13},"3":{"name":"isUndefined","decl":{"start":{"line":16,"column":9},"end":{"line":16,"column":20}},"loc":{"start":{"line":16,"column":23},"end":{"line":18,"column":1}},"line":16}},"branchMap":{},"s":{"0":1,"1":1,"2":1,"3":1,"4":1},"f":{"0":1,"1":1,"2":1,"3":1},"b":{},"_coverageSchema":"1a1c01bbd47fc00a2c39e90264f33305004495a9","hash":"e1fc5fda507ae420970fce1a65f163bf07af6cf0"}
,"C:\\Users\\Maria\\Desktop\\testing-js-node\\src\\funciones.js": {"path":"C:\\Users\\Maria\\Desktop\\testing-js-node\\src\\funciones.js","statementMap":{"0":{"start":{"line":3,"column":4},"end":{"line":3,"column":17}},"1":{"start":{"line":6,"column":4},"end":{"line":6,"column":17}},"2":{"start":{"line":9,"column":4},"end":{"line":9,"column":17}},"3":{"start":{"line":12,"column":4},"end":{"line":12,"column":17}},"4":{"start":{"line":15,"column":0},"end":{"line":20,"column":2}}},"fnMap":{"0":{"name":"sumar","decl":{"start":{"line":2,"column":9},"end":{"line":2,"column":14}},"loc":{"start":{"line":2,"column":21},"end":{"line":4,"column":1}},"line":2},"1":{"name":"restar","decl":{"start":{"line":5,"column":9},"end":{"line":5,"column":15}},"loc":{"start":{"line":5,"column":22},"end":{"line":7,"column":1}},"line":5},"2":{"name":"multiplicar","decl":{"start":{"line":8,"column":9},"end":{"line":8,"column":20}},"loc":{"start":{"line":8,"column":27},"end":{"line":10,"column":1}},"line":8},"3":{"name":"dividir","decl":{"start":{"line":11,"column":9},"end":{"line":11,"column":16}},"loc":{"start":{"line":11,"column":23},"end":{"line":13,"column":1}},"line":11}},"branchMap":{},"s":{"0":2,"1":3,"2":2,"3":2,"4":1},"f":{"0":2,"1":3,"2":2,"3":2},"b":{},"_coverageSchema":"1a1c01bbd47fc00a2c39e90264f33305004495a9","hash":"fd84297465e5b6cb0ed90fd29e092518f1773598"}
,"C:\\Users\\Maria\\Desktop\\testing-js-node\\src\\persona.js": {"path":"C:\\Users\\Maria\\Desktop\\testing-js-node\\src\\persona.js","statementMap":{"0":{"start":{"line":1,"column":17},"end":{"line":4,"column":1}},"1":{"start":{"line":5,"column":17},"end":{"line":8,"column":1}},"2":{"start":{"line":9,"column":0},"end":{"line":12,"column":2}}},"fnMap":{},"branchMap":{},"s":{"0":1,"1":1,"2":1},"f":{},"b":{},"_coverageSchema":"1a1c01bbd47fc00a2c39e90264f33305004495a9","hash":"a1e27c2724a64e8fa93f489b7d90c92e6d22e3bc"}
,"C:\\Users\\Maria\\Desktop\\testing-js-node\\src\\strings.js": {"path":"C:\\Users\\Maria\\Desktop\\testing-js-node\\src\\strings.js","statementMap":{"0":{"start":{"line":1,"column":0},"end":{"line":6,"column":2}}},"fnMap":{},"branchMap":{},"s":{"0":1},"f":{},"b":{},"_coverageSchema":"1a1c01bbd47fc00a2c39e90264f33305004495a9","hash":"e0a7b22986e6b4735d2c7264963c81ca113d9c59"}
,"C:\\Users\\Maria\\Desktop\\testing-js-node\\src\\sum.js": {"path":"C:\\Users\\Maria\\Desktop\\testing-js-node\\src\\sum.js","statementMap":{"0":{"start":{"line":2,"column":4},"end":{"line":2,"column":17}},"1":{"start":{"line":4,"column":0},"end":{"line":4,"column":22}}},"fnMap":{"0":{"name":"suma","decl":{"start":{"line":1,"column":9},"end":{"line":1,"column":13}},"loc":{"start":{"line":1,"column":20},"end":{"line":3,"column":1}},"line":1}},"branchMap":{},"s":{"0":1,"1":1},"f":{"0":1},"b":{},"_coverageSchema":"1a1c01bbd47fc00a2c39e90264f33305004495a9","hash":"88a0767984c932c8e7d4757809fe8c83b9bf88f3"}
,"C:\\Users\\Maria\\Desktop\\testing-js-node\\src\\todolist.js": {"path":"C:\\Users\\Maria\\Desktop\\testing-js-node\\src\\todolist.js","statementMap":{"0":{"start":{"line":4,"column":16},"end":{"line":15,"column":1}},"1":{"start":{"line":6,"column":23},"end":{"line":6,"column":57}},"2":{"start":{"line":8,"column":24},"end":{"line":8,"column":69}},"3":{"start":{"line":10,"column":2},"end":{"line":10,"column":54}},"4":{"start":{"line":12,"column":2},"end":{"line":12,"column":66}},"5":{"start":{"line":14,"column":2},"end":{"line":14,"column":26}},"6":{"start":{"line":18,"column":0},"end":{"line":18,"column":70}}},"fnMap":{"0":{"name":"(anonymous_0)","decl":{"start":{"line":4,"column":16},"end":{"line":4,"column":17}},"loc":{"start":{"line":4,"column":22},"end":{"line":15,"column":1}},"line":4}},"branchMap":{},"s":{"0":1,"1":1,"2":1,"3":1,"4":1,"5":1,"6":1},"f":{"0":1},"b":{},"_coverageSchema":"1a1c01bbd47fc00a2c39e90264f33305004495a9","hash":"0a499c95039c3a93631411bffd17b655ca2a849a"}
,"C:\\Users\\Maria\\Desktop\\testing-js-node\\src\\TDD\\contactos.js": {"path":"C:\\Users\\Maria\\Desktop\\testing-js-node\\src\\TDD\\contactos.js","statementMap":{"0":{"start":{"line":2,"column":12},"end":{"line":2,"column":28}},"1":{"start":{"line":5,"column":16},"end":{"line":5,"column":18}},"2":{"start":{"line":13,"column":2},"end":{"line":24,"column":3}},"3":{"start":{"line":21,"column":4},"end":{"line":21,"column":29}},"4":{"start":{"line":23,"column":4},"end":{"line":23,"column":40}},"5":{"start":{"line":33,"column":16},"end":{"line":35,"column":41}},"6":{"start":{"line":34,"column":21},"end":{"line":34,"column":23}},"7":{"start":{"line":35,"column":23},"end":{"line":35,"column":40}},"8":{"start":{"line":40,"column":2},"end":{"line":48,"column":3}},"9":{"start":{"line":42,"column":4},"end":{"line":45,"column":6}},"10":{"start":{"line":55,"column":2},"end":{"line":55,"column":17}},"11":{"start":{"line":62,"column":2},"end":{"line":64,"column":4}},"12":{"start":{"line":73,"column":2},"end":{"line":75,"column":31}},"13":{"start":{"line":74,"column":24},"end":{"line":74,"column":34}},"14":{"start":{"line":75,"column":23},"end":{"line":75,"column":28}},"15":{"start":{"line":78,"column":0},"end":{"line":84,"column":1}}},"fnMap":{"0":{"name":"incluir","decl":{"start":{"line":12,"column":9},"end":{"line":12,"column":16}},"loc":{"start":{"line":12,"column":27},"end":{"line":25,"column":1}},"line":12},"1":{"name":"borrar","decl":{"start":{"line":31,"column":9},"end":{"line":31,"column":15}},"loc":{"start":{"line":31,"column":28},"end":{"line":49,"column":1}},"line":31},"2":{"name":"(anonymous_2)","decl":{"start":{"line":34,"column":9},"end":{"line":34,"column":10}},"loc":{"start":{"line":34,"column":21},"end":{"line":34,"column":23}},"line":34},"3":{"name":"(anonymous_3)","decl":{"start":{"line":35,"column":15},"end":{"line":35,"column":16}},"loc":{"start":{"line":35,"column":23},"end":{"line":35,"column":40}},"line":35},"4":{"name":"reiniciar","decl":{"start":{"line":54,"column":9},"end":{"line":54,"column":18}},"loc":{"start":{"line":54,"column":21},"end":{"line":56,"column":1}},"line":54},"5":{"name":"db","decl":{"start":{"line":61,"column":9},"end":{"line":61,"column":11}},"loc":{"start":{"line":61,"column":14},"end":{"line":65,"column":1}},"line":61},"6":{"name":"starwars","decl":{"start":{"line":71,"column":15},"end":{"line":71,"column":23}},"loc":{"start":{"line":71,"column":29},"end":{"line":76,"column":1}},"line":71},"7":{"name":"(anonymous_7)","decl":{"start":{"line":74,"column":10},"end":{"line":74,"column":11}},"loc":{"start":{"line":74,"column":24},"end":{"line":74,"column":34}},"line":74},"8":{"name":"(anonymous_8)","decl":{"start":{"line":75,"column":11},"end":{"line":75,"column":12}},"loc":{"start":{"line":75,"column":23},"end":{"line":75,"column":28}},"line":75}},"branchMap":{"0":{"loc":{"start":{"line":13,"column":2},"end":{"line":24,"column":3}},"type":"if","locations":[{"start":{"line":13,"column":2},"end":{"line":24,"column":3}},{"start":{"line":13,"column":2},"end":{"line":24,"column":3}}],"line":13},"1":{"loc":{"start":{"line":14,"column":4},"end":{"line":16,"column":59}},"type":"binary-expr","locations":[{"start":{"line":14,"column":4},"end":{"line":14,"column":60}},{"start":{"line":15,"column":7},"end":{"line":15,"column":62}},{"start":{"line":16,"column":7},"end":{"line":16,"column":59}}],"line":14},"2":{"loc":{"start":{"line":40,"column":2},"end":{"line":48,"column":3}},"type":"if","locations":[{"start":{"line":40,"column":2},"end":{"line":48,"column":3}},{"start":{"line":40,"column":2},"end":{"line":48,"column":3}}],"line":40}},"s":{"0":1,"1":1,"2":8,"3":7,"4":1,"5":2,"6":6,"7":4,"8":2,"9":1,"10":4,"11":3,"12":2,"13":1,"14":1,"15":1},"f":{"0":8,"1":2,"2":6,"3":4,"4":4,"5":3,"6":2,"7":1,"8":1},"b":{"0":[7,1],"1":[8,8,8],"2":[1,1]},"_coverageSchema":"1a1c01bbd47fc00a2c39e90264f33305004495a9","hash":"1a9277b3772ed04e43e39c82bcecb19929e7885a"}
,"C:\\Users\\Maria\\Desktop\\testing-js-node\\src\\practico-cuenta\\cuenta.js": {"path":"C:\\Users\\Maria\\Desktop\\testing-js-node\\src\\practico-cuenta\\cuenta.js","statementMap":{"0":{"start":{"line":1,"column":0},"end":{"line":92,"column":1}},"1":{"start":{"line":3,"column":8},"end":{"line":3,"column":23}},"2":{"start":{"line":6,"column":8},"end":{"line":6,"column":26}},"3":{"start":{"line":21,"column":25},"end":{"line":21,"column":64}},"4":{"start":{"line":22,"column":8},"end":{"line":24,"column":9}},"5":{"start":{"line":23,"column":12},"end":{"line":23,"column":35}},"6":{"start":{"line":28,"column":8},"end":{"line":30,"column":9}},"7":{"start":{"line":29,"column":12},"end":{"line":29,"column":25}},"8":{"start":{"line":31,"column":8},"end":{"line":33,"column":9}},"9":{"start":{"line":32,"column":12},"end":{"line":32,"column":25}},"10":{"start":{"line":34,"column":8},"end":{"line":36,"column":9}},"11":{"start":{"line":35,"column":12},"end":{"line":35,"column":25}},"12":{"start":{"line":37,"column":8},"end":{"line":37,"column":20}},"13":{"start":{"line":41,"column":21},"end":{"line":41,"column":59}},"14":{"start":{"line":42,"column":8},"end":{"line":44,"column":9}},"15":{"start":{"line":43,"column":12},"end":{"line":43,"column":35}},"16":{"start":{"line":48,"column":8},"end":{"line":56,"column":9}},"17":{"start":{"line":49,"column":12},"end":{"line":49,"column":25}},"18":{"start":{"line":50,"column":15},"end":{"line":56,"column":9}},"19":{"start":{"line":51,"column":12},"end":{"line":51,"column":25}},"20":{"start":{"line":52,"column":15},"end":{"line":56,"column":9}},"21":{"start":{"line":53,"column":12},"end":{"line":53,"column":25}},"22":{"start":{"line":54,"column":15},"end":{"line":56,"column":9}},"23":{"start":{"line":55,"column":12},"end":{"line":55,"column":25}},"24":{"start":{"line":57,"column":8},"end":{"line":57,"column":20}},"25":{"start":{"line":66,"column":25},"end":{"line":66,"column":68}},"26":{"start":{"line":67,"column":8},"end":{"line":70,"column":9}},"27":{"start":{"line":68,"column":12},"end":{"line":68,"column":35}},"28":{"start":{"line":69,"column":12},"end":{"line":69,"column":45}},"29":{"start":{"line":78,"column":8},"end":{"line":80,"column":9}},"30":{"start":{"line":79,"column":12},"end":{"line":79,"column":25}},"31":{"start":{"line":82,"column":8},"end":{"line":84,"column":9}},"32":{"start":{"line":83,"column":12},"end":{"line":83,"column":25}},"33":{"start":{"line":86,"column":8},"end":{"line":88,"column":9}},"34":{"start":{"line":87,"column":12},"end":{"line":87,"column":25}},"35":{"start":{"line":90,"column":8},"end":{"line":90,"column":20}}},"fnMap":{"0":{"name":"(anonymous_0)","decl":{"start":{"line":2,"column":4},"end":{"line":2,"column":5}},"loc":{"start":{"line":2,"column":18},"end":{"line":4,"column":5}},"line":2},"1":{"name":"(anonymous_1)","decl":{"start":{"line":5,"column":4},"end":{"line":5,"column":5}},"loc":{"start":{"line":5,"column":15},"end":{"line":7,"column":5}},"line":5},"2":{"name":"(anonymous_2)","decl":{"start":{"line":20,"column":4},"end":{"line":20,"column":5}},"loc":{"start":{"line":20,"column":23},"end":{"line":25,"column":5}},"line":20},"3":{"name":"(anonymous_3)","decl":{"start":{"line":27,"column":4},"end":{"line":27,"column":5}},"loc":{"start":{"line":27,"column":39},"end":{"line":38,"column":5}},"line":27},"4":{"name":"(anonymous_4)","decl":{"start":{"line":40,"column":4},"end":{"line":40,"column":5}},"loc":{"start":{"line":40,"column":22},"end":{"line":45,"column":5}},"line":40},"5":{"name":"(anonymous_5)","decl":{"start":{"line":47,"column":4},"end":{"line":47,"column":5}},"loc":{"start":{"line":47,"column":38},"end":{"line":58,"column":5}},"line":47},"6":{"name":"(anonymous_6)","decl":{"start":{"line":65,"column":4},"end":{"line":65,"column":5}},"loc":{"start":{"line":65,"column":43},"end":{"line":71,"column":5}},"line":65},"7":{"name":"(anonymous_7)","decl":{"start":{"line":77,"column":4},"end":{"line":77,"column":5}},"loc":{"start":{"line":77,"column":43},"end":{"line":91,"column":5}},"line":77}},"branchMap":{"0":{"loc":{"start":{"line":22,"column":8},"end":{"line":24,"column":9}},"type":"if","locations":[{"start":{"line":22,"column":8},"end":{"line":24,"column":9}},{"start":{"line":22,"column":8},"end":{"line":24,"column":9}}],"line":22},"1":{"loc":{"start":{"line":28,"column":8},"end":{"line":30,"column":9}},"type":"if","locations":[{"start":{"line":28,"column":8},"end":{"line":30,"column":9}},{"start":{"line":28,"column":8},"end":{"line":30,"column":9}}],"line":28},"2":{"loc":{"start":{"line":31,"column":8},"end":{"line":33,"column":9}},"type":"if","locations":[{"start":{"line":31,"column":8},"end":{"line":33,"column":9}},{"start":{"line":31,"column":8},"end":{"line":33,"column":9}}],"line":31},"3":{"loc":{"start":{"line":34,"column":8},"end":{"line":36,"column":9}},"type":"if","locations":[{"start":{"line":34,"column":8},"end":{"line":36,"column":9}},{"start":{"line":34,"column":8},"end":{"line":36,"column":9}}],"line":34},"4":{"loc":{"start":{"line":42,"column":8},"end":{"line":44,"column":9}},"type":"if","locations":[{"start":{"line":42,"column":8},"end":{"line":44,"column":9}},{"start":{"line":42,"column":8},"end":{"line":44,"column":9}}],"line":42},"5":{"loc":{"start":{"line":48,"column":8},"end":{"line":56,"column":9}},"type":"if","locations":[{"start":{"line":48,"column":8},"end":{"line":56,"column":9}},{"start":{"line":48,"column":8},"end":{"line":56,"column":9}}],"line":48},"6":{"loc":{"start":{"line":50,"column":15},"end":{"line":56,"column":9}},"type":"if","locations":[{"start":{"line":50,"column":15},"end":{"line":56,"column":9}},{"start":{"line":50,"column":15},"end":{"line":56,"column":9}}],"line":50},"7":{"loc":{"start":{"line":52,"column":15},"end":{"line":56,"column":9}},"type":"if","locations":[{"start":{"line":52,"column":15},"end":{"line":56,"column":9}},{"start":{"line":52,"column":15},"end":{"line":56,"column":9}}],"line":52},"8":{"loc":{"start":{"line":54,"column":15},"end":{"line":56,"column":9}},"type":"if","locations":[{"start":{"line":54,"column":15},"end":{"line":56,"column":9}},{"start":{"line":54,"column":15},"end":{"line":56,"column":9}}],"line":54},"9":{"loc":{"start":{"line":67,"column":8},"end":{"line":70,"column":9}},"type":"if","locations":[{"start":{"line":67,"column":8},"end":{"line":70,"column":9}},{"start":{"line":67,"column":8},"end":{"line":70,"column":9}}],"line":67},"10":{"loc":{"start":{"line":78,"column":8},"end":{"line":80,"column":9}},"type":"if","locations":[{"start":{"line":78,"column":8},"end":{"line":80,"column":9}},{"start":{"line":78,"column":8},"end":{"line":80,"column":9}}],"line":78},"11":{"loc":{"start":{"line":82,"column":8},"end":{"line":84,"column":9}},"type":"if","locations":[{"start":{"line":82,"column":8},"end":{"line":84,"column":9}},{"start":{"line":82,"column":8},"end":{"line":84,"column":9}}],"line":82},"12":{"loc":{"start":{"line":86,"column":8},"end":{"line":88,"column":9}},"type":"if","locations":[{"start":{"line":86,"column":8},"end":{"line":88,"column":9}},{"start":{"line":86,"column":8},"end":{"line":88,"column":9}}],"line":86}},"s":{"0":1,"1":29,"2":34,"3":29,"4":29,"5":25,"6":29,"7":1,"8":28,"9":1,"10":27,"11":2,"12":25,"13":8,"14":8,"15":4,"16":8,"17":1,"18":7,"19":1,"20":6,"21":1,"22":5,"23":1,"24":4,"25":4,"26":4,"27":1,"28":1,"29":4,"30":1,"31":3,"32":1,"33":2,"34":1,"35":1},"f":{"0":29,"1":34,"2":29,"3":29,"4":8,"5":8,"6":4,"7":4},"b":{"0":[25,4],"1":[1,28],"2":[1,27],"3":[2,25],"4":[4,4],"5":[1,7],"6":[1,6],"7":[1,5],"8":[1,4],"9":[1,3],"10":[1,3],"11":[1,2],"12":[1,1]},"_coverageSchema":"1a1c01bbd47fc00a2c39e90264f33305004495a9","hash":"05b2684263a3208a8d97ad0c2086b65eeb6452a6"}
,"C:\\Users\\Maria\\Desktop\\testing-js-node\\src\\snapshot\\snapshot.js": {"path":"C:\\Users\\Maria\\Desktop\\testing-js-node\\src\\snapshot\\snapshot.js","statementMap":{"0":{"start":{"line":1,"column":23},"end":{"line":6,"column":2}},"1":{"start":{"line":1,"column":33},"end":{"line":6,"column":1}},"2":{"start":{"line":7,"column":13},"end":{"line":9,"column":2}},"3":{"start":{"line":7,"column":24},"end":{"line":9,"column":1}},"4":{"start":{"line":10,"column":0},"end":{"line":13,"column":2}}},"fnMap":{"0":{"name":"(anonymous_0)","decl":{"start":{"line":1,"column":23},"end":{"line":1,"column":24}},"loc":{"start":{"line":1,"column":33},"end":{"line":6,"column":1}},"line":1},"1":{"name":"(anonymous_1)","decl":{"start":{"line":7,"column":13},"end":{"line":7,"column":14}},"loc":{"start":{"line":7,"column":24},"end":{"line":9,"column":1}},"line":7}},"branchMap":{},"s":{"0":1,"1":1,"2":1,"3":1,"4":1},"f":{"0":1,"1":1},"b":{},"_coverageSchema":"1a1c01bbd47fc00a2c39e90264f33305004495a9","hash":"99bcc47d72c324e0299fd020de63540369fc0ae4"}
}
