TN:
SF:src\arrays.js
FNF:0
FNH:0
DA:2,1
DA:3,1
DA:4,1
LF:3
LH:3
BRF:0
BRH:0
end_of_record
TN:
SF:src\asincronia.js
FN:7,(anonymous_0)
FN:7,(anonymous_1)
FN:10,(anonymous_2)
FN:10,(anonymous_3)
FN:12,(anonymous_4)
FN:13,(anonymous_5)
FNF:6
FNH:6
FNDA:1,(anonymous_0)
FNDA:1,(anonymous_1)
FNDA:6,(anonymous_2)
FNDA:6,(anonymous_3)
FNDA:4,(anonymous_4)
FNDA:2,(anonymous_5)
DA:4,1
DA:7,1
DA:10,6
DA:11,6
DA:12,4
DA:13,2
DA:16,1
LF:7
LH:7
BRF:0
BRH:0
end_of_record
TN:
SF:src\boolean.js
FN:7,isNull
FN:10,isFalse
FN:13,isTrue
FN:16,isUndefined
FNF:4
FNH:4
FNDA:1,isNull
FNDA:1,isFalse
FNDA:1,isTrue
FNDA:1,isUndefined
DA:8,1
DA:11,1
DA:14,1
DA:17,1
DA:19,1
LF:5
LH:5
BRF:0
BRH:0
end_of_record
TN:
SF:src\funciones.js
FN:2,sumar
FN:5,restar
FN:8,multiplicar
FN:11,dividir
FNF:4
FNH:4
FNDA:2,sumar
FNDA:3,restar
FNDA:2,multiplicar
FNDA:2,dividir
DA:3,2
DA:6,3
DA:9,2
DA:12,2
DA:15,1
LF:5
LH:5
BRF:0
BRH:0
end_of_record
TN:
SF:src\persona.js
FNF:0
FNH:0
DA:1,1
DA:5,1
DA:9,1
LF:3
LH:3
BRF:0
BRH:0
end_of_record
TN:
SF:src\strings.js
FNF:0
FNH:0
DA:1,1
LF:1
LH:1
BRF:0
BRH:0
end_of_record
TN:
SF:src\sum.js
FN:1,suma
FNF:1
FNH:1
FNDA:1,suma
DA:2,1
DA:4,1
LF:2
LH:2
BRF:0
BRH:0
end_of_record
TN:
SF:src\todolist.js
FN:4,(anonymous_0)
FNF:1
FNH:1
FNDA:1,(anonymous_0)
DA:4,1
DA:6,1
DA:8,1
DA:10,1
DA:12,1
DA:14,1
DA:18,1
LF:7
LH:7
BRF:0
BRH:0
end_of_record
TN:
SF:src\TDD\contactos.js
FN:12,incluir
FN:31,borrar
FN:34,(anonymous_2)
FN:35,(anonymous_3)
FN:54,reiniciar
FN:61,db
FN:71,starwars
FN:74,(anonymous_7)
FN:75,(anonymous_8)
FNF:9
FNH:9
FNDA:8,incluir
FNDA:2,borrar
FNDA:6,(anonymous_2)
FNDA:4,(anonymous_3)
FNDA:4,reiniciar
FNDA:3,db
FNDA:2,starwars
FNDA:1,(anonymous_7)
FNDA:1,(anonymous_8)
DA:2,1
DA:5,1
DA:13,8
DA:21,7
DA:23,1
DA:33,2
DA:34,6
DA:35,4
DA:40,2
DA:42,1
DA:55,4
DA:62,3
DA:73,2
DA:74,1
DA:75,1
DA:78,1
LF:16
LH:16
BRDA:13,0,0,7
BRDA:13,0,1,1
BRDA:14,1,0,8
BRDA:14,1,1,8
BRDA:14,1,2,8
BRDA:40,2,0,1
BRDA:40,2,1,1
BRF:7
BRH:7
end_of_record
TN:
SF:src\practico-cuenta\cuenta.js
FN:2,(anonymous_0)
FN:5,(anonymous_1)
FN:20,(anonymous_2)
FN:27,(anonymous_3)
FN:40,(anonymous_4)
FN:47,(anonymous_5)
FN:65,(anonymous_6)
FN:77,(anonymous_7)
FNF:8
FNH:8
FNDA:29,(anonymous_0)
FNDA:34,(anonymous_1)
FNDA:29,(anonymous_2)
FNDA:29,(anonymous_3)
FNDA:8,(anonymous_4)
FNDA:8,(anonymous_5)
FNDA:4,(anonymous_6)
FNDA:4,(anonymous_7)
DA:1,1
DA:3,29
DA:6,34
DA:21,29
DA:22,29
DA:23,25
DA:28,29
DA:29,1
DA:31,28
DA:32,1
DA:34,27
DA:35,2
DA:37,25
DA:41,8
DA:42,8
DA:43,4
DA:48,8
DA:49,1
DA:50,7
DA:51,1
DA:52,6
DA:53,1
DA:54,5
DA:55,1
DA:57,4
DA:66,4
DA:67,4
DA:68,1
DA:69,1
DA:78,4
DA:79,1
DA:82,3
DA:83,1
DA:86,2
DA:87,1
DA:90,1
LF:36
LH:36
BRDA:22,0,0,25
BRDA:22,0,1,4
BRDA:28,1,0,1
BRDA:28,1,1,28
BRDA:31,2,0,1
BRDA:31,2,1,27
BRDA:34,3,0,2
BRDA:34,3,1,25
BRDA:42,4,0,4
BRDA:42,4,1,4
BRDA:48,5,0,1
BRDA:48,5,1,7
BRDA:50,6,0,1
BRDA:50,6,1,6
BRDA:52,7,0,1
BRDA:52,7,1,5
BRDA:54,8,0,1
BRDA:54,8,1,4
BRDA:67,9,0,1
BRDA:67,9,1,3
BRDA:78,10,0,1
BRDA:78,10,1,3
BRDA:82,11,0,1
BRDA:82,11,1,2
BRDA:86,12,0,1
BRDA:86,12,1,1
BRF:26
BRH:26
end_of_record
TN:
SF:src\snapshot\snapshot.js
FN:1,(anonymous_0)
FN:7,(anonymous_1)
FNF:2
FNH:2
FNDA:1,(anonymous_0)
FNDA:1,(anonymous_1)
DA:1,1
DA:7,1
DA:10,1
LF:3
LH:3
BRF:0
BRH:0
end_of_record
